0 info it worked if it ends with ok
1 verbose cli [ 'C:\\Program Files\\nodejs\\node.exe',
1 verbose cli   'C:\\Program Files\\nodejs\\node_modules\\npm\\bin\\npm-cli.js',
1 verbose cli   'start' ]
2 info using npm@3.10.10
3 info using node@v6.10.3
4 verbose run-script [ 'prestart', 'start', 'poststart' ]
5 info lifecycle web-app@0.1.0~prestart: web-app@0.1.0
6 silly lifecycle web-app@0.1.0~prestart: no script for prestart, continuing
7 info lifecycle web-app@0.1.0~start: web-app@0.1.0
8 verbose lifecycle web-app@0.1.0~start: unsafe-perm in lifecycle true
9 verbose lifecycle web-app@0.1.0~start: PATH: C:\Program Files\nodejs\node_modules\npm\bin\node-gyp-bin;C:\Users\Usuario\Desktop\Development\NodeJS Guide\04-NodeJS_RESTful\node_modules\.bin;C:\Program Files\nodejs\;;C:\Program Files (x86)\Microsoft VS Code\bin;C:\Users\Usuario\AppData\Roaming\npm
10 verbose lifecycle web-app@0.1.0~start: CWD: C:\Users\Usuario\Desktop\Development\NodeJS Guide\04-NodeJS_RESTful
11 silly lifecycle web-app@0.1.0~start: Args: [ '/d /s /c', 'nodemon index.js' ]
12 silly lifecycle web-app@0.1.0~start: Returned: code: 1  signal: null
13 info lifecycle web-app@0.1.0~start: Failed to exec start script
14 verbose stack Error: web-app@0.1.0 start: `nodemon index.js`
14 verbose stack Exit status 1
14 verbose stack     at EventEmitter.<anonymous> (C:\Program Files\nodejs\node_modules\npm\lib\utils\lifecycle.js:255:16)
14 verbose stack     at emitTwo (events.js:106:13)
14 verbose stack     at EventEmitter.emit (events.js:191:7)
14 verbose stack     at ChildProcess.<anonymous> (C:\Program Files\nodejs\node_modules\npm\lib\utils\spawn.js:40:14)
14 verbose stack     at emitTwo (events.js:106:13)
14 verbose stack     at ChildProcess.emit (events.js:191:7)
14 verbose stack     at maybeClose (internal/child_process.js:886:16)
14 verbose stack     at Process.ChildProcess._handle.onexit (internal/child_process.js:226:5)
15 verbose pkgid web-app@0.1.0
16 verbose cwd C:\Users\Usuario\Desktop\Development\NodeJS Guide\04-NodeJS_RESTful
17 error Windows_NT 10.0.14393
18 error argv "C:\\Program Files\\nodejs\\node.exe" "C:\\Program Files\\nodejs\\node_modules\\npm\\bin\\npm-cli.js" "start"
19 error node v6.10.3
20 error npm  v3.10.10
21 error code ELIFECYCLE
22 error web-app@0.1.0 start: `nodemon index.js`
22 error Exit status 1
23 error Failed at the web-app@0.1.0 start script 'nodemon index.js'.
23 error Make sure you have the latest version of node.js and npm installed.
23 error If you do, this is most likely a problem with the web-app package,
23 error not with npm itself.
23 error Tell the author that this fails on your system:
23 error     nodemon index.js
23 error You can get information on how to open an issue for this project with:
23 error     npm bugs web-app
23 error Or if that isn't available, you can get their info via:
23 error     npm owner ls web-app
23 error There is likely additional logging output above.
24 verbose exit [ 1, true ]
